2012-04-26 16:24:17,845 - [INFO] - from play in run-main 
Listening for HTTP on port 9000...

2012-04-26 16:24:25,196 - [ERROR] - from play in wonkavision-akka.actor.default-dispatcher-1 
Waiting for a promise, but got an error: Timed out
akka.pattern.AskTimeoutException: Timed out
	at akka.dispatch.DefaultPromise.result(Future.scala:875) [akka-actor-2.0.1.jar:2.0.1]
	at akka.dispatch.Await$.result(Future.scala:74) ~[akka-actor-2.0.1.jar:2.0.1]
	at play.api.libs.concurrent.AkkaPromise.await(Akka.scala:43) ~[play_2.9.1-2.0.1.jar:2.0.1]
	at play.api.libs.concurrent.Promise$class.await(Promise.scala:44) ~[play_2.9.1-2.0.1.jar:2.0.1]
	at play.api.libs.concurrent.AkkaPromise.await(Akka.scala:28) ~[play_2.9.1-2.0.1.jar:2.0.1]
	at play.api.libs.concurrent.Promise$class.value(Promise.scala:42) ~[play_2.9.1-2.0.1.jar:2.0.1]
	at play.api.libs.concurrent.AkkaPromise.value(Akka.scala:28) ~[play_2.9.1-2.0.1.jar:2.0.1]
	at play.api.libs.concurrent.Promise$$anonfun$extend1$1.apply(Promise.scala:40) [play_2.9.1-2.0.1.jar:2.0.1]
	at play.api.libs.concurrent.Promise$$anonfun$extend1$1.apply(Promise.scala:40) [play_2.9.1-2.0.1.jar:2.0.1]
	at play.api.libs.concurrent.AkkaPromise$$anonfun$extend$2$$anonfun$apply$3.apply(Akka.scala:37) [play_2.9.1-2.0.1.jar:2.0.1]
	at scala.util.control.Exception$Catch$$anonfun$either$1.apply(Exception.scala:110) [scala-library.jar:na]
	at scala.util.control.Exception$Catch$$anonfun$either$1.apply(Exception.scala:110) [scala-library.jar:na]
	at scala.util.control.Exception$Catch.apply(Exception.scala:88) [scala-library.jar:na]
	at scala.util.control.Exception$Catch.either(Exception.scala:110) [scala-library.jar:na]
	at play.api.libs.concurrent.STMPromise.redeem(Promise.scala:150) [play_2.9.1-2.0.1.jar:2.0.1]
	at play.api.libs.concurrent.AkkaPromise$$anonfun$extend$2.apply(Akka.scala:37) [play_2.9.1-2.0.1.jar:2.0.1]
	at play.api.libs.concurrent.AkkaPromise$$anonfun$extend$2.apply(Akka.scala:37) [play_2.9.1-2.0.1.jar:2.0.1]
	at akka.dispatch.Future$$anonfun$onFailure$1.apply(Future.scala:500) [akka-actor-2.0.1.jar:2.0.1]
	at akka.dispatch.Future$$anonfun$onFailure$1.apply(Future.scala:499) [akka-actor-2.0.1.jar:2.0.1]
	at akka.dispatch.DefaultPromise.akka$dispatch$DefaultPromise$$notifyCompleted(Future.scala:943) [akka-actor-2.0.1.jar:2.0.1]
	at akka.dispatch.DefaultPromise$$anonfun$tryComplete$1$$anonfun$apply$mcV$sp$4.apply(Future.scala:920) [akka-actor-2.0.1.jar:2.0.1]
	at akka.dispatch.DefaultPromise$$anonfun$tryComplete$1$$anonfun$apply$mcV$sp$4.apply(Future.scala:920) [akka-actor-2.0.1.jar:2.0.1]
	at scala.collection.LinearSeqOptimized$class.foreach(LinearSeqOptimized.scala:59) [scala-library.jar:0.11.2]
	at scala.collection.immutable.List.foreach(List.scala:45) [scala-library.jar:0.11.2]
	at akka.dispatch.DefaultPromise$$anonfun$tryComplete$1.apply$mcV$sp(Future.scala:920) [akka-actor-2.0.1.jar:2.0.1]
	at akka.dispatch.Future$$anon$4$$anonfun$run$1.apply$mcV$sp(Future.scala:386) [akka-actor-2.0.1.jar:2.0.1]
	at akka.dispatch.Future$$anon$4$$anonfun$run$1.apply(Future.scala:378) [akka-actor-2.0.1.jar:2.0.1]
	at akka.dispatch.Future$$anon$4$$anonfun$run$1.apply(Future.scala:378) [akka-actor-2.0.1.jar:2.0.1]
	at scala.util.DynamicVariable.withValue(DynamicVariable.scala:57) [scala-library.jar:na]
	at akka.dispatch.Future$$anon$4.run(Future.scala:378) [akka-actor-2.0.1.jar:2.0.1]
	at akka.dispatch.TaskInvocation.run(AbstractDispatcher.scala:83) [akka-actor-2.0.1.jar:2.0.1]
	at akka.jsr166y.ForkJoinTask$AdaptedRunnableAction.exec(ForkJoinTask.java:1381) [akka-actor-2.0.1.jar:2.0.1]
	at akka.jsr166y.ForkJoinTask.doExec(ForkJoinTask.java:259) [akka-actor-2.0.1.jar:2.0.1]
	at akka.jsr166y.ForkJoinPool$WorkQueue.runTask(ForkJoinPool.java:974) [akka-actor-2.0.1.jar:2.0.1]
	at akka.jsr166y.ForkJoinPool.runWorker(ForkJoinPool.java:1478) [akka-actor-2.0.1.jar:2.0.1]
	at akka.jsr166y.ForkJoinWorkerThread.run(ForkJoinWorkerThread.java:104) [akka-actor-2.0.1.jar:2.0.1]
Caused by: akka.pattern.AskTimeoutException: Timed out
	at akka.pattern.PromiseActorRef$$anonfun$1.apply$mcV$sp(AskSupport.scala:274) ~[akka-actor-2.0.1.jar:2.0.1]
	at akka.actor.DefaultScheduler$$anon$6$$anon$7.run(Scheduler.scala:183) ~[akka-actor-2.0.1.jar:2.0.1]
	... 6 common frames omitted

2012-04-26 16:24:31,490 - [ERROR] - from play in wonkavision-akka.actor.default-dispatcher-2 
Waiting for a promise, but got an error: Timed out
akka.pattern.AskTimeoutException: Timed out
	at akka.dispatch.DefaultPromise.result(Future.scala:875) [akka-actor-2.0.1.jar:2.0.1]
	at akka.dispatch.Await$.result(Future.scala:74) ~[akka-actor-2.0.1.jar:2.0.1]
	at play.api.libs.concurrent.AkkaPromise.await(Akka.scala:43) ~[play_2.9.1-2.0.1.jar:2.0.1]
	at play.api.libs.concurrent.Promise$class.await(Promise.scala:44) ~[play_2.9.1-2.0.1.jar:2.0.1]
	at play.api.libs.concurrent.AkkaPromise.await(Akka.scala:28) ~[play_2.9.1-2.0.1.jar:2.0.1]
	at play.api.libs.concurrent.Promise$class.value(Promise.scala:42) ~[play_2.9.1-2.0.1.jar:2.0.1]
	at play.api.libs.concurrent.AkkaPromise.value(Akka.scala:28) ~[play_2.9.1-2.0.1.jar:2.0.1]
	at play.api.libs.concurrent.Promise$$anonfun$extend1$1.apply(Promise.scala:40) [play_2.9.1-2.0.1.jar:2.0.1]
	at play.api.libs.concurrent.Promise$$anonfun$extend1$1.apply(Promise.scala:40) [play_2.9.1-2.0.1.jar:2.0.1]
	at play.api.libs.concurrent.AkkaPromise$$anonfun$extend$2$$anonfun$apply$3.apply(Akka.scala:37) [play_2.9.1-2.0.1.jar:2.0.1]
	at scala.util.control.Exception$Catch$$anonfun$either$1.apply(Exception.scala:110) [scala-library.jar:na]
	at scala.util.control.Exception$Catch$$anonfun$either$1.apply(Exception.scala:110) [scala-library.jar:na]
	at scala.util.control.Exception$Catch.apply(Exception.scala:88) [scala-library.jar:na]
	at scala.util.control.Exception$Catch.either(Exception.scala:110) [scala-library.jar:na]
	at play.api.libs.concurrent.STMPromise.redeem(Promise.scala:150) [play_2.9.1-2.0.1.jar:2.0.1]
	at play.api.libs.concurrent.AkkaPromise$$anonfun$extend$2.apply(Akka.scala:37) [play_2.9.1-2.0.1.jar:2.0.1]
	at play.api.libs.concurrent.AkkaPromise$$anonfun$extend$2.apply(Akka.scala:37) [play_2.9.1-2.0.1.jar:2.0.1]
	at akka.dispatch.Future$$anonfun$onFailure$1.apply(Future.scala:500) [akka-actor-2.0.1.jar:2.0.1]
	at akka.dispatch.Future$$anonfun$onFailure$1.apply(Future.scala:499) [akka-actor-2.0.1.jar:2.0.1]
	at akka.dispatch.DefaultPromise.akka$dispatch$DefaultPromise$$notifyCompleted(Future.scala:943) [akka-actor-2.0.1.jar:2.0.1]
	at akka.dispatch.DefaultPromise$$anonfun$tryComplete$1$$anonfun$apply$mcV$sp$4.apply(Future.scala:920) [akka-actor-2.0.1.jar:2.0.1]
	at akka.dispatch.DefaultPromise$$anonfun$tryComplete$1$$anonfun$apply$mcV$sp$4.apply(Future.scala:920) [akka-actor-2.0.1.jar:2.0.1]
	at scala.collection.LinearSeqOptimized$class.foreach(LinearSeqOptimized.scala:59) [scala-library.jar:0.11.2]
	at scala.collection.immutable.List.foreach(List.scala:45) [scala-library.jar:0.11.2]
	at akka.dispatch.DefaultPromise$$anonfun$tryComplete$1.apply$mcV$sp(Future.scala:920) [akka-actor-2.0.1.jar:2.0.1]
	at akka.dispatch.Future$$anon$4$$anonfun$run$1.apply$mcV$sp(Future.scala:386) [akka-actor-2.0.1.jar:2.0.1]
	at akka.dispatch.Future$$anon$4$$anonfun$run$1.apply(Future.scala:378) [akka-actor-2.0.1.jar:2.0.1]
	at akka.dispatch.Future$$anon$4$$anonfun$run$1.apply(Future.scala:378) [akka-actor-2.0.1.jar:2.0.1]
	at scala.util.DynamicVariable.withValue(DynamicVariable.scala:57) [scala-library.jar:na]
	at akka.dispatch.Future$$anon$4.run(Future.scala:378) [akka-actor-2.0.1.jar:2.0.1]
	at akka.dispatch.TaskInvocation.run(AbstractDispatcher.scala:83) [akka-actor-2.0.1.jar:2.0.1]
	at akka.jsr166y.ForkJoinTask$AdaptedRunnableAction.exec(ForkJoinTask.java:1381) [akka-actor-2.0.1.jar:2.0.1]
	at akka.jsr166y.ForkJoinTask.doExec(ForkJoinTask.java:259) [akka-actor-2.0.1.jar:2.0.1]
	at akka.jsr166y.ForkJoinPool$WorkQueue.runTask(ForkJoinPool.java:974) [akka-actor-2.0.1.jar:2.0.1]
	at akka.jsr166y.ForkJoinPool.runWorker(ForkJoinPool.java:1478) [akka-actor-2.0.1.jar:2.0.1]
	at akka.jsr166y.ForkJoinWorkerThread.run(ForkJoinWorkerThread.java:104) [akka-actor-2.0.1.jar:2.0.1]
Caused by: akka.pattern.AskTimeoutException: Timed out
	at akka.pattern.PromiseActorRef$$anonfun$1.apply$mcV$sp(AskSupport.scala:274) ~[akka-actor-2.0.1.jar:2.0.1]
	at akka.actor.DefaultScheduler$$anon$6$$anon$7.run(Scheduler.scala:183) ~[akka-actor-2.0.1.jar:2.0.1]
	... 6 common frames omitted

2012-04-26 16:25:00,890 - [ERROR] - from play in wonkavision-akka.actor.default-dispatcher-4 
Waiting for a promise, but got an error: Timed out
akka.pattern.AskTimeoutException: Timed out
	at akka.dispatch.DefaultPromise.result(Future.scala:875) [akka-actor-2.0.1.jar:2.0.1]
	at akka.dispatch.Await$.result(Future.scala:74) ~[akka-actor-2.0.1.jar:2.0.1]
	at play.api.libs.concurrent.AkkaPromise.await(Akka.scala:43) ~[play_2.9.1-2.0.1.jar:2.0.1]
	at play.api.libs.concurrent.Promise$class.await(Promise.scala:44) ~[play_2.9.1-2.0.1.jar:2.0.1]
	at play.api.libs.concurrent.AkkaPromise.await(Akka.scala:28) ~[play_2.9.1-2.0.1.jar:2.0.1]
	at play.api.libs.concurrent.Promise$class.value(Promise.scala:42) ~[play_2.9.1-2.0.1.jar:2.0.1]
	at play.api.libs.concurrent.AkkaPromise.value(Akka.scala:28) ~[play_2.9.1-2.0.1.jar:2.0.1]
	at play.api.libs.concurrent.Promise$$anonfun$extend1$1.apply(Promise.scala:40) [play_2.9.1-2.0.1.jar:2.0.1]
	at play.api.libs.concurrent.Promise$$anonfun$extend1$1.apply(Promise.scala:40) [play_2.9.1-2.0.1.jar:2.0.1]
	at play.api.libs.concurrent.AkkaPromise$$anonfun$extend$2$$anonfun$apply$3.apply(Akka.scala:37) [play_2.9.1-2.0.1.jar:2.0.1]
	at scala.util.control.Exception$Catch$$anonfun$either$1.apply(Exception.scala:110) [scala-library.jar:na]
	at scala.util.control.Exception$Catch$$anonfun$either$1.apply(Exception.scala:110) [scala-library.jar:na]
	at scala.util.control.Exception$Catch.apply(Exception.scala:88) [scala-library.jar:na]
	at scala.util.control.Exception$Catch.either(Exception.scala:110) [scala-library.jar:na]
	at play.api.libs.concurrent.STMPromise.redeem(Promise.scala:150) [play_2.9.1-2.0.1.jar:2.0.1]
	at play.api.libs.concurrent.AkkaPromise$$anonfun$extend$2.apply(Akka.scala:37) [play_2.9.1-2.0.1.jar:2.0.1]
	at play.api.libs.concurrent.AkkaPromise$$anonfun$extend$2.apply(Akka.scala:37) [play_2.9.1-2.0.1.jar:2.0.1]
	at akka.dispatch.Future$$anonfun$onFailure$1.apply(Future.scala:500) [akka-actor-2.0.1.jar:2.0.1]
	at akka.dispatch.Future$$anonfun$onFailure$1.apply(Future.scala:499) [akka-actor-2.0.1.jar:2.0.1]
	at akka.dispatch.DefaultPromise.akka$dispatch$DefaultPromise$$notifyCompleted(Future.scala:943) [akka-actor-2.0.1.jar:2.0.1]
	at akka.dispatch.DefaultPromise$$anonfun$tryComplete$1$$anonfun$apply$mcV$sp$4.apply(Future.scala:920) [akka-actor-2.0.1.jar:2.0.1]
	at akka.dispatch.DefaultPromise$$anonfun$tryComplete$1$$anonfun$apply$mcV$sp$4.apply(Future.scala:920) [akka-actor-2.0.1.jar:2.0.1]
	at scala.collection.LinearSeqOptimized$class.foreach(LinearSeqOptimized.scala:59) [scala-library.jar:0.11.2]
	at scala.collection.immutable.List.foreach(List.scala:45) [scala-library.jar:0.11.2]
	at akka.dispatch.DefaultPromise$$anonfun$tryComplete$1.apply$mcV$sp(Future.scala:920) [akka-actor-2.0.1.jar:2.0.1]
	at akka.dispatch.Future$$anon$4$$anonfun$run$1.apply$mcV$sp(Future.scala:386) [akka-actor-2.0.1.jar:2.0.1]
	at akka.dispatch.Future$$anon$4$$anonfun$run$1.apply(Future.scala:378) [akka-actor-2.0.1.jar:2.0.1]
	at akka.dispatch.Future$$anon$4$$anonfun$run$1.apply(Future.scala:378) [akka-actor-2.0.1.jar:2.0.1]
	at scala.util.DynamicVariable.withValue(DynamicVariable.scala:57) [scala-library.jar:na]
	at akka.dispatch.Future$$anon$4.run(Future.scala:378) [akka-actor-2.0.1.jar:2.0.1]
	at akka.dispatch.TaskInvocation.run(AbstractDispatcher.scala:83) [akka-actor-2.0.1.jar:2.0.1]
	at akka.jsr166y.ForkJoinTask$AdaptedRunnableAction.exec(ForkJoinTask.java:1381) [akka-actor-2.0.1.jar:2.0.1]
	at akka.jsr166y.ForkJoinTask.doExec(ForkJoinTask.java:259) [akka-actor-2.0.1.jar:2.0.1]
	at akka.jsr166y.ForkJoinPool$WorkQueue.runTask(ForkJoinPool.java:974) [akka-actor-2.0.1.jar:2.0.1]
	at akka.jsr166y.ForkJoinPool.runWorker(ForkJoinPool.java:1478) [akka-actor-2.0.1.jar:2.0.1]
	at akka.jsr166y.ForkJoinWorkerThread.run(ForkJoinWorkerThread.java:104) [akka-actor-2.0.1.jar:2.0.1]
Caused by: akka.pattern.AskTimeoutException: Timed out
	at akka.pattern.PromiseActorRef$$anonfun$1.apply$mcV$sp(AskSupport.scala:274) ~[akka-actor-2.0.1.jar:2.0.1]
	at akka.actor.DefaultScheduler$$anon$6$$anon$7.run(Scheduler.scala:183) ~[akka-actor-2.0.1.jar:2.0.1]
	... 6 common frames omitted

